<?xml version="1.0" encoding="UTF-8"?>
<testsuite name="io.specto.FlightsApplicationTests" tests="1" skipped="0" failures="0" errors="0" timestamp="2017-09-19T13:47:32" hostname="Andrews-MacBook-Pro-2.local" time="0.029">
  <properties/>
  <testcase name="contextLoads" classname="io.specto.FlightsApplicationTests" time="0.029"/>
  <system-out><![CDATA[15:47:31.142 [Test worker] DEBUG org.springframework.test.context.junit4.SpringJUnit4ClassRunner - SpringJUnit4ClassRunner constructor called with [class io.specto.FlightsApplicationTests]
15:47:31.146 [Test worker] DEBUG org.springframework.test.context.BootstrapUtils - Instantiating CacheAwareContextLoaderDelegate from class [org.springframework.test.context.cache.DefaultCacheAwareContextLoaderDelegate]
15:47:31.152 [Test worker] DEBUG org.springframework.test.context.BootstrapUtils - Instantiating BootstrapContext using constructor [public org.springframework.test.context.support.DefaultBootstrapContext(java.lang.Class,org.springframework.test.context.CacheAwareContextLoaderDelegate)]
15:47:31.165 [Test worker] DEBUG org.springframework.test.context.BootstrapUtils - Instantiating TestContextBootstrapper for test class [io.specto.FlightsApplicationTests] from class [org.springframework.boot.test.context.SpringBootTestContextBootstrapper]
15:47:31.175 [Test worker] INFO org.springframework.boot.test.context.SpringBootTestContextBootstrapper - Neither @ContextConfiguration nor @ContextHierarchy found for test class [io.specto.FlightsApplicationTests], using SpringBootContextLoader
15:47:31.177 [Test worker] DEBUG org.springframework.test.context.support.AbstractContextLoader - Did not detect default resource location for test class [io.specto.FlightsApplicationTests]: class path resource [io/specto/FlightsApplicationTests-context.xml] does not exist
15:47:31.178 [Test worker] DEBUG org.springframework.test.context.support.AbstractContextLoader - Did not detect default resource location for test class [io.specto.FlightsApplicationTests]: class path resource [io/specto/FlightsApplicationTestsContext.groovy] does not exist
15:47:31.178 [Test worker] INFO org.springframework.test.context.support.AbstractContextLoader - Could not detect default resource locations for test class [io.specto.FlightsApplicationTests]: no resource found for suffixes {-context.xml, Context.groovy}.
15:47:31.179 [Test worker] INFO org.springframework.test.context.support.AnnotationConfigContextLoaderUtils - Could not detect default configuration classes for test class [io.specto.FlightsApplicationTests]: FlightsApplicationTests does not declare any static, non-private, non-final, nested classes annotated with @Configuration.
15:47:31.207 [Test worker] DEBUG org.springframework.test.context.support.ActiveProfilesUtils - Could not find an 'annotation declaring class' for annotation type [org.springframework.test.context.ActiveProfiles] and class [io.specto.FlightsApplicationTests]
15:47:31.214 [Test worker] DEBUG org.springframework.core.env.StandardEnvironment - Adding [systemProperties] PropertySource with lowest search precedence
15:47:31.214 [Test worker] DEBUG org.springframework.core.env.StandardEnvironment - Adding [systemEnvironment] PropertySource with lowest search precedence
15:47:31.214 [Test worker] DEBUG org.springframework.core.env.StandardEnvironment - Initialized StandardEnvironment with PropertySources [systemProperties,systemEnvironment]
15:47:31.221 [Test worker] DEBUG org.springframework.core.io.support.PathMatchingResourcePatternResolver - Resolved classpath location [io/specto/] to resources [URL [file:/Users/andrewmorgan1/IdeaProjects/api-simulation-training/flights-service/build/classes/test/io/specto/], URL [file:/Users/andrewmorgan1/IdeaProjects/api-simulation-training/flights-service/build/classes/main/io/specto/]]
15:47:31.222 [Test worker] DEBUG org.springframework.core.io.support.PathMatchingResourcePatternResolver - Looking for matching resources in directory tree [/Users/andrewmorgan1/IdeaProjects/api-simulation-training/flights-service/build/classes/test/io/specto]
15:47:31.222 [Test worker] DEBUG org.springframework.core.io.support.PathMatchingResourcePatternResolver - Searching directory [/Users/andrewmorgan1/IdeaProjects/api-simulation-training/flights-service/build/classes/test/io/specto] for files matching pattern [/Users/andrewmorgan1/IdeaProjects/api-simulation-training/flights-service/build/classes/test/io/specto/*.class]
15:47:31.224 [Test worker] DEBUG org.springframework.core.io.support.PathMatchingResourcePatternResolver - Looking for matching resources in directory tree [/Users/andrewmorgan1/IdeaProjects/api-simulation-training/flights-service/build/classes/main/io/specto]
15:47:31.224 [Test worker] DEBUG org.springframework.core.io.support.PathMatchingResourcePatternResolver - Searching directory [/Users/andrewmorgan1/IdeaProjects/api-simulation-training/flights-service/build/classes/main/io/specto] for files matching pattern [/Users/andrewmorgan1/IdeaProjects/api-simulation-training/flights-service/build/classes/main/io/specto/*.class]
15:47:31.225 [Test worker] DEBUG org.springframework.core.io.support.PathMatchingResourcePatternResolver - Resolved location pattern [classpath*:io/specto/*.class] to resources [file [/Users/andrewmorgan1/IdeaProjects/api-simulation-training/flights-service/build/classes/test/io/specto/FlightsApplicationTests.class], file [/Users/andrewmorgan1/IdeaProjects/api-simulation-training/flights-service/build/classes/main/io/specto/Flight.class], file [/Users/andrewmorgan1/IdeaProjects/api-simulation-training/flights-service/build/classes/main/io/specto/FlightGenerator.class], file [/Users/andrewmorgan1/IdeaProjects/api-simulation-training/flights-service/build/classes/main/io/specto/FlightsApplication.class], file [/Users/andrewmorgan1/IdeaProjects/api-simulation-training/flights-service/build/classes/main/io/specto/FlightsController.class], file [/Users/andrewmorgan1/IdeaProjects/api-simulation-training/flights-service/build/classes/main/io/specto/ManagementController.class], file [/Users/andrewmorgan1/IdeaProjects/api-simulation-training/flights-service/build/classes/main/io/specto/When.class]]
15:47:31.256 [Test worker] DEBUG org.springframework.context.annotation.ClassPathScanningCandidateComponentProvider - Identified candidate component class: file [/Users/andrewmorgan1/IdeaProjects/api-simulation-training/flights-service/build/classes/main/io/specto/FlightsApplication.class]
15:47:31.265 [Test worker] INFO org.springframework.boot.test.context.SpringBootTestContextBootstrapper - Found @SpringBootConfiguration io.specto.FlightsApplication for test class io.specto.FlightsApplicationTests
15:47:31.268 [Test worker] DEBUG org.springframework.boot.test.context.SpringBootTestContextBootstrapper - @TestExecutionListeners is not present for class [io.specto.FlightsApplicationTests]: using defaults.
15:47:31.271 [Test worker] INFO org.springframework.boot.test.context.SpringBootTestContextBootstrapper - Loaded default TestExecutionListener class names from location [META-INF/spring.factories]: [org.springframework.boot.test.mock.mockito.MockitoTestExecutionListener, org.springframework.boot.test.mock.mockito.ResetMocksTestExecutionListener, org.springframework.boot.test.autoconfigure.restdocs.RestDocsTestExecutionListener, org.springframework.boot.test.autoconfigure.web.client.MockRestServiceServerResetTestExecutionListener, org.springframework.boot.test.autoconfigure.web.servlet.MockMvcPrintOnlyOnFailureTestExecutionListener, org.springframework.boot.test.autoconfigure.web.servlet.WebDriverTestExecutionListener, org.springframework.test.context.web.ServletTestExecutionListener, org.springframework.test.context.support.DirtiesContextBeforeModesTestExecutionListener, org.springframework.test.context.support.DependencyInjectionTestExecutionListener, org.springframework.test.context.support.DirtiesContextTestExecutionListener, org.springframework.test.context.transaction.TransactionalTestExecutionListener, org.springframework.test.context.jdbc.SqlScriptsTestExecutionListener]
15:47:31.282 [Test worker] INFO org.springframework.boot.test.context.SpringBootTestContextBootstrapper - Could not instantiate TestExecutionListener [org.springframework.test.context.transaction.TransactionalTestExecutionListener]. Specify custom listener classes or make the default listener classes (and their required dependencies) available. Offending class: [org/springframework/transaction/interceptor/TransactionAttributeSource]
15:47:31.283 [Test worker] INFO org.springframework.boot.test.context.SpringBootTestContextBootstrapper - Could not instantiate TestExecutionListener [org.springframework.test.context.jdbc.SqlScriptsTestExecutionListener]. Specify custom listener classes or make the default listener classes (and their required dependencies) available. Offending class: [org/springframework/transaction/interceptor/TransactionAttribute]
15:47:31.283 [Test worker] INFO org.springframework.boot.test.context.SpringBootTestContextBootstrapper - Using TestExecutionListeners: [org.springframework.test.context.web.ServletTestExecutionListener@50d0e4a5, org.springframework.test.context.support.DirtiesContextBeforeModesTestExecutionListener@749b3605, org.springframework.boot.test.autoconfigure.SpringBootDependencyInjectionTestExecutionListener@66190e99, org.springframework.test.context.support.DirtiesContextTestExecutionListener@603cb84e, org.springframework.boot.test.autoconfigure.web.servlet.WebDriverTestExecutionListener@371e9d20, org.springframework.boot.test.autoconfigure.restdocs.RestDocsTestExecutionListener@1a18aed8, org.springframework.boot.test.autoconfigure.web.client.MockRestServiceServerResetTestExecutionListener@34db06c4, org.springframework.boot.test.autoconfigure.web.servlet.MockMvcPrintOnlyOnFailureTestExecutionListener@312026d9, org.springframework.boot.test.mock.mockito.MockitoTestExecutionListener@72145a40, org.springframework.boot.test.mock.mockito.ResetMocksTestExecutionListener@2da554b4]
15:47:31.286 [Test worker] DEBUG org.springframework.test.annotation.ProfileValueUtils - Retrieved @ProfileValueSourceConfiguration [null] for test class [io.specto.FlightsApplicationTests]
15:47:31.286 [Test worker] DEBUG org.springframework.test.annotation.ProfileValueUtils - Retrieved ProfileValueSource type [class org.springframework.test.annotation.SystemProfileValueSource] for class [io.specto.FlightsApplicationTests]
15:47:31.287 [Test worker] DEBUG org.springframework.test.annotation.ProfileValueUtils - Retrieved @ProfileValueSourceConfiguration [null] for test class [io.specto.FlightsApplicationTests]
15:47:31.288 [Test worker] DEBUG org.springframework.test.annotation.ProfileValueUtils - Retrieved ProfileValueSource type [class org.springframework.test.annotation.SystemProfileValueSource] for class [io.specto.FlightsApplicationTests]
15:47:31.291 [Test worker] DEBUG org.springframework.test.context.support.AbstractDirtiesContextTestExecutionListener - Before test class: context [DefaultTestContext@2c44935 testClass = FlightsApplicationTests, testInstance = [null], testMethod = [null], testException = [null], mergedContextConfiguration = [WebMergedContextConfiguration@1db17972 testClass = FlightsApplicationTests, locations = '{}', classes = '{class io.specto.FlightsApplication}', contextInitializerClasses = '[]', activeProfiles = '{}', propertySourceLocations = '{}', propertySourceProperties = '{org.springframework.boot.test.context.SpringBootTestContextBootstrapper=true}', contextCustomizers = set[org.springframework.boot.test.context.SpringBootTestContextCustomizer@6555c645, org.springframework.boot.test.context.filter.ExcludeFilterContextCustomizer@4af7aff6, org.springframework.boot.test.mock.mockito.MockitoContextCustomizer@0, org.springframework.boot.test.autoconfigure.properties.PropertyMappingContextCustomizer@0, org.springframework.boot.test.autoconfigure.web.servlet.WebDriverContextCustomizerFactory$Customizer@6ce6ad67], resourceBasePath = 'src/main/webapp', contextLoader = 'org.springframework.boot.test.context.SpringBootContextLoader', parent = [null]]], class annotated with @DirtiesContext [false] with mode [null].
15:47:31.292 [Test worker] DEBUG org.springframework.test.annotation.ProfileValueUtils - Retrieved @ProfileValueSourceConfiguration [null] for test class [io.specto.FlightsApplicationTests]
15:47:31.292 [Test worker] DEBUG org.springframework.test.annotation.ProfileValueUtils - Retrieved ProfileValueSource type [class org.springframework.test.annotation.SystemProfileValueSource] for class [io.specto.FlightsApplicationTests]
15:47:31.335 [Test worker] DEBUG org.springframework.core.env.StandardEnvironment - Adding [systemProperties] PropertySource with lowest search precedence
15:47:31.335 [Test worker] DEBUG org.springframework.core.env.StandardEnvironment - Adding [systemEnvironment] PropertySource with lowest search precedence
15:47:31.335 [Test worker] DEBUG org.springframework.core.env.StandardEnvironment - Initialized StandardEnvironment with PropertySources [systemProperties,systemEnvironment]
15:47:31.336 [Test worker] DEBUG org.springframework.core.env.MutablePropertySources - Adding [inline] PropertySource with highest search precedence
15:47:31.340 [Test worker] DEBUG org.springframework.test.context.support.TestPropertySourceUtils - Adding inlined properties to environment: {spring.jmx.enabled=false, org.springframework.boot.test.context.SpringBootTestContextBootstrapper=true, server.port=-1}
15:47:31.340 [Test worker] DEBUG org.springframework.core.env.StandardEnvironment - Adding [Inlined Test Properties] PropertySource with highest search precedence

  .   ____          _            __ _ _
 /\\ / ___'_ __ _ _(_)_ __  __ _ \ \ \ \
( ( )\___ | '_ | '_| | '_ \/ _` | \ \ \ \
 \\/  ___)| |_)| | | | | || (_| |  ) ) ) )
  '  |____| .__|_| |_|_| |_\__, | / / / /
 =========|_|==============|___/=/_/_/_/
 :: Spring Boot ::        (v1.5.3.RELEASE)

2017-09-19 15:47:31.507  INFO 11869 --- [    Test worker] io.specto.FlightsApplicationTests        : Starting FlightsApplicationTests on Andrews-MacBook-Pro-2.local with PID 11869 (started by andrewmorgan1 in /Users/andrewmorgan1/IdeaProjects/api-simulation-training/flights-service)
2017-09-19 15:47:31.508  INFO 11869 --- [    Test worker] io.specto.FlightsApplicationTests        : No active profile set, falling back to default profiles: default
2017-09-19 15:47:31.533  INFO 11869 --- [    Test worker] o.s.w.c.s.GenericWebApplicationContext   : Refreshing org.springframework.web.context.support.GenericWebApplicationContext@6d763af: startup date [Tue Sep 19 15:47:31 CEST 2017]; root of context hierarchy
2017-09-19 15:47:32.382  INFO 11869 --- [    Test worker] s.w.s.m.m.a.RequestMappingHandlerAdapter : Looking for @ControllerAdvice: org.springframework.web.context.support.GenericWebApplicationContext@6d763af: startup date [Tue Sep 19 15:47:31 CEST 2017]; root of context hierarchy
2017-09-19 15:47:32.425  INFO 11869 --- [    Test worker] s.w.s.m.m.a.RequestMappingHandlerMapping : Mapped "{[/api/v1/flights],methods=[GET]}" onto public java.util.List<io.specto.Flight> io.specto.FlightsController.getFlights(int,java.util.Optional<java.lang.String>,java.util.Optional<java.lang.String>,java.util.Optional<java.lang.Integer>)
2017-09-19 15:47:32.427  INFO 11869 --- [    Test worker] s.w.s.m.m.a.RequestMappingHandlerMapping : Mapped "{[/management/kill],methods=[GET]}" onto public void io.specto.ManagementController.kill()
2017-09-19 15:47:32.427  INFO 11869 --- [    Test worker] s.w.s.m.m.a.RequestMappingHandlerMapping : Mapped "{[/management/health],methods=[GET]}" onto public void io.specto.ManagementController.health()
2017-09-19 15:47:32.429  INFO 11869 --- [    Test worker] s.w.s.m.m.a.RequestMappingHandlerMapping : Mapped "{[/error]}" onto public org.springframework.http.ResponseEntity<java.util.Map<java.lang.String, java.lang.Object>> org.springframework.boot.autoconfigure.web.BasicErrorController.error(javax.servlet.http.HttpServletRequest)
2017-09-19 15:47:32.429  INFO 11869 --- [    Test worker] s.w.s.m.m.a.RequestMappingHandlerMapping : Mapped "{[/error],produces=[text/html]}" onto public org.springframework.web.servlet.ModelAndView org.springframework.boot.autoconfigure.web.BasicErrorController.errorHtml(javax.servlet.http.HttpServletRequest,javax.servlet.http.HttpServletResponse)
2017-09-19 15:47:32.448  INFO 11869 --- [    Test worker] o.s.w.s.handler.SimpleUrlHandlerMapping  : Mapped URL path [/webjars/**] onto handler of type [class org.springframework.web.servlet.resource.ResourceHttpRequestHandler]
2017-09-19 15:47:32.448  INFO 11869 --- [    Test worker] o.s.w.s.handler.SimpleUrlHandlerMapping  : Mapped URL path [/**] onto handler of type [class org.springframework.web.servlet.resource.ResourceHttpRequestHandler]
2017-09-19 15:47:32.471  INFO 11869 --- [    Test worker] o.s.w.s.handler.SimpleUrlHandlerMapping  : Mapped URL path [/**/favicon.ico] onto handler of type [class org.springframework.web.servlet.resource.ResourceHttpRequestHandler]
2017-09-19 15:47:32.574  INFO 11869 --- [    Test worker] io.specto.FlightsApplicationTests        : Started FlightsApplicationTests in 1.226 seconds (JVM running for 1.85)
]]></system-out>
  <system-err><![CDATA[]]></system-err>
</testsuite>
