<?xml version="1.0" encoding="UTF-8"?>
<testsuite name="io.specto.FlightsApplicationTests" tests="1" skipped="0" failures="0" errors="0" timestamp="2017-09-20T09:59:54" hostname="Andrews-MacBook-Pro-2.local" time="0.017">
  <properties/>
  <testcase name="contextLoads" classname="io.specto.FlightsApplicationTests" time="0.017"/>
  <system-out><![CDATA[11:59:53.083 [Test worker] DEBUG org.springframework.test.context.junit4.SpringJUnit4ClassRunner - SpringJUnit4ClassRunner constructor called with [class io.specto.FlightsApplicationTests]
11:59:53.087 [Test worker] DEBUG org.springframework.test.context.BootstrapUtils - Instantiating CacheAwareContextLoaderDelegate from class [org.springframework.test.context.cache.DefaultCacheAwareContextLoaderDelegate]
11:59:53.092 [Test worker] DEBUG org.springframework.test.context.BootstrapUtils - Instantiating BootstrapContext using constructor [public org.springframework.test.context.support.DefaultBootstrapContext(java.lang.Class,org.springframework.test.context.CacheAwareContextLoaderDelegate)]
11:59:53.103 [Test worker] DEBUG org.springframework.test.context.BootstrapUtils - Instantiating TestContextBootstrapper for test class [io.specto.FlightsApplicationTests] from class [org.springframework.boot.test.context.SpringBootTestContextBootstrapper]
11:59:53.113 [Test worker] INFO org.springframework.boot.test.context.SpringBootTestContextBootstrapper - Neither @ContextConfiguration nor @ContextHierarchy found for test class [io.specto.FlightsApplicationTests], using SpringBootContextLoader
11:59:53.115 [Test worker] DEBUG org.springframework.test.context.support.AbstractContextLoader - Did not detect default resource location for test class [io.specto.FlightsApplicationTests]: class path resource [io/specto/FlightsApplicationTests-context.xml] does not exist
11:59:53.116 [Test worker] DEBUG org.springframework.test.context.support.AbstractContextLoader - Did not detect default resource location for test class [io.specto.FlightsApplicationTests]: class path resource [io/specto/FlightsApplicationTestsContext.groovy] does not exist
11:59:53.116 [Test worker] INFO org.springframework.test.context.support.AbstractContextLoader - Could not detect default resource locations for test class [io.specto.FlightsApplicationTests]: no resource found for suffixes {-context.xml, Context.groovy}.
11:59:53.117 [Test worker] INFO org.springframework.test.context.support.AnnotationConfigContextLoaderUtils - Could not detect default configuration classes for test class [io.specto.FlightsApplicationTests]: FlightsApplicationTests does not declare any static, non-private, non-final, nested classes annotated with @Configuration.
11:59:53.145 [Test worker] DEBUG org.springframework.test.context.support.ActiveProfilesUtils - Could not find an 'annotation declaring class' for annotation type [org.springframework.test.context.ActiveProfiles] and class [io.specto.FlightsApplicationTests]
11:59:53.153 [Test worker] DEBUG org.springframework.core.env.StandardEnvironment - Adding [systemProperties] PropertySource with lowest search precedence
11:59:53.153 [Test worker] DEBUG org.springframework.core.env.StandardEnvironment - Adding [systemEnvironment] PropertySource with lowest search precedence
11:59:53.153 [Test worker] DEBUG org.springframework.core.env.StandardEnvironment - Initialized StandardEnvironment with PropertySources [systemProperties,systemEnvironment]
11:59:53.160 [Test worker] DEBUG org.springframework.core.io.support.PathMatchingResourcePatternResolver - Resolved classpath location [io/specto/] to resources [URL [file:/Users/andrewmorgan1/IdeaProjects/api-simulation-training/flights-service/build/classes/test/io/specto/], URL [file:/Users/andrewmorgan1/IdeaProjects/api-simulation-training/flights-service/build/classes/main/io/specto/]]
11:59:53.160 [Test worker] DEBUG org.springframework.core.io.support.PathMatchingResourcePatternResolver - Looking for matching resources in directory tree [/Users/andrewmorgan1/IdeaProjects/api-simulation-training/flights-service/build/classes/test/io/specto]
11:59:53.160 [Test worker] DEBUG org.springframework.core.io.support.PathMatchingResourcePatternResolver - Searching directory [/Users/andrewmorgan1/IdeaProjects/api-simulation-training/flights-service/build/classes/test/io/specto] for files matching pattern [/Users/andrewmorgan1/IdeaProjects/api-simulation-training/flights-service/build/classes/test/io/specto/*.class]
11:59:53.162 [Test worker] DEBUG org.springframework.core.io.support.PathMatchingResourcePatternResolver - Looking for matching resources in directory tree [/Users/andrewmorgan1/IdeaProjects/api-simulation-training/flights-service/build/classes/main/io/specto]
11:59:53.162 [Test worker] DEBUG org.springframework.core.io.support.PathMatchingResourcePatternResolver - Searching directory [/Users/andrewmorgan1/IdeaProjects/api-simulation-training/flights-service/build/classes/main/io/specto] for files matching pattern [/Users/andrewmorgan1/IdeaProjects/api-simulation-training/flights-service/build/classes/main/io/specto/*.class]
11:59:53.163 [Test worker] DEBUG org.springframework.core.io.support.PathMatchingResourcePatternResolver - Resolved location pattern [classpath*:io/specto/*.class] to resources [file [/Users/andrewmorgan1/IdeaProjects/api-simulation-training/flights-service/build/classes/test/io/specto/FlightsApplicationTests.class], file [/Users/andrewmorgan1/IdeaProjects/api-simulation-training/flights-service/build/classes/main/io/specto/Flight.class], file [/Users/andrewmorgan1/IdeaProjects/api-simulation-training/flights-service/build/classes/main/io/specto/FlightGenerator.class], file [/Users/andrewmorgan1/IdeaProjects/api-simulation-training/flights-service/build/classes/main/io/specto/FlightsApplication.class], file [/Users/andrewmorgan1/IdeaProjects/api-simulation-training/flights-service/build/classes/main/io/specto/FlightsController.class], file [/Users/andrewmorgan1/IdeaProjects/api-simulation-training/flights-service/build/classes/main/io/specto/ManagementController.class], file [/Users/andrewmorgan1/IdeaProjects/api-simulation-training/flights-service/build/classes/main/io/specto/ShoppingController.class], file [/Users/andrewmorgan1/IdeaProjects/api-simulation-training/flights-service/build/classes/main/io/specto/ShoppingItem.class], file [/Users/andrewmorgan1/IdeaProjects/api-simulation-training/flights-service/build/classes/main/io/specto/When.class]]
11:59:53.194 [Test worker] DEBUG org.springframework.context.annotation.ClassPathScanningCandidateComponentProvider - Identified candidate component class: file [/Users/andrewmorgan1/IdeaProjects/api-simulation-training/flights-service/build/classes/main/io/specto/FlightsApplication.class]
11:59:53.205 [Test worker] INFO org.springframework.boot.test.context.SpringBootTestContextBootstrapper - Found @SpringBootConfiguration io.specto.FlightsApplication for test class io.specto.FlightsApplicationTests
11:59:53.208 [Test worker] DEBUG org.springframework.boot.test.context.SpringBootTestContextBootstrapper - @TestExecutionListeners is not present for class [io.specto.FlightsApplicationTests]: using defaults.
11:59:53.211 [Test worker] INFO org.springframework.boot.test.context.SpringBootTestContextBootstrapper - Loaded default TestExecutionListener class names from location [META-INF/spring.factories]: [org.springframework.boot.test.mock.mockito.MockitoTestExecutionListener, org.springframework.boot.test.mock.mockito.ResetMocksTestExecutionListener, org.springframework.boot.test.autoconfigure.restdocs.RestDocsTestExecutionListener, org.springframework.boot.test.autoconfigure.web.client.MockRestServiceServerResetTestExecutionListener, org.springframework.boot.test.autoconfigure.web.servlet.MockMvcPrintOnlyOnFailureTestExecutionListener, org.springframework.boot.test.autoconfigure.web.servlet.WebDriverTestExecutionListener, org.springframework.test.context.web.ServletTestExecutionListener, org.springframework.test.context.support.DirtiesContextBeforeModesTestExecutionListener, org.springframework.test.context.support.DependencyInjectionTestExecutionListener, org.springframework.test.context.support.DirtiesContextTestExecutionListener, org.springframework.test.context.transaction.TransactionalTestExecutionListener, org.springframework.test.context.jdbc.SqlScriptsTestExecutionListener]
11:59:53.220 [Test worker] INFO org.springframework.boot.test.context.SpringBootTestContextBootstrapper - Could not instantiate TestExecutionListener [org.springframework.test.context.transaction.TransactionalTestExecutionListener]. Specify custom listener classes or make the default listener classes (and their required dependencies) available. Offending class: [org/springframework/transaction/interceptor/TransactionAttributeSource]
11:59:53.221 [Test worker] INFO org.springframework.boot.test.context.SpringBootTestContextBootstrapper - Could not instantiate TestExecutionListener [org.springframework.test.context.jdbc.SqlScriptsTestExecutionListener]. Specify custom listener classes or make the default listener classes (and their required dependencies) available. Offending class: [org/springframework/transaction/interceptor/TransactionAttribute]
11:59:53.224 [Test worker] INFO org.springframework.boot.test.context.SpringBootTestContextBootstrapper - Using TestExecutionListeners: [org.springframework.test.context.web.ServletTestExecutionListener@4bd4bbcc, org.springframework.test.context.support.DirtiesContextBeforeModesTestExecutionListener@1f3b3142, org.springframework.boot.test.autoconfigure.SpringBootDependencyInjectionTestExecutionListener@2d28ad01, org.springframework.test.context.support.DirtiesContextTestExecutionListener@6dc96a3, org.springframework.boot.test.mock.mockito.MockitoTestExecutionListener@68b8476f, org.springframework.boot.test.autoconfigure.web.servlet.MockMvcPrintOnlyOnFailureTestExecutionListener@2ecfda1b, org.springframework.boot.test.autoconfigure.web.client.MockRestServiceServerResetTestExecutionListener@46672a66, org.springframework.boot.test.autoconfigure.web.servlet.WebDriverTestExecutionListener@24ecc587, org.springframework.boot.test.autoconfigure.restdocs.RestDocsTestExecutionListener@ec56d4a, org.springframework.boot.test.mock.mockito.ResetMocksTestExecutionListener@5e0a718b]
11:59:53.227 [Test worker] DEBUG org.springframework.test.annotation.ProfileValueUtils - Retrieved @ProfileValueSourceConfiguration [null] for test class [io.specto.FlightsApplicationTests]
11:59:53.227 [Test worker] DEBUG org.springframework.test.annotation.ProfileValueUtils - Retrieved ProfileValueSource type [class org.springframework.test.annotation.SystemProfileValueSource] for class [io.specto.FlightsApplicationTests]
11:59:53.228 [Test worker] DEBUG org.springframework.test.annotation.ProfileValueUtils - Retrieved @ProfileValueSourceConfiguration [null] for test class [io.specto.FlightsApplicationTests]
11:59:53.228 [Test worker] DEBUG org.springframework.test.annotation.ProfileValueUtils - Retrieved ProfileValueSource type [class org.springframework.test.annotation.SystemProfileValueSource] for class [io.specto.FlightsApplicationTests]
11:59:53.231 [Test worker] DEBUG org.springframework.test.context.support.AbstractDirtiesContextTestExecutionListener - Before test class: context [DefaultTestContext@63e17b01 testClass = FlightsApplicationTests, testInstance = [null], testMethod = [null], testException = [null], mergedContextConfiguration = [WebMergedContextConfiguration@64c2a6af testClass = FlightsApplicationTests, locations = '{}', classes = '{class io.specto.FlightsApplication}', contextInitializerClasses = '[]', activeProfiles = '{}', propertySourceLocations = '{}', propertySourceProperties = '{org.springframework.boot.test.context.SpringBootTestContextBootstrapper=true}', contextCustomizers = set[org.springframework.boot.test.context.SpringBootTestContextCustomizer@307768a2, org.springframework.boot.test.context.filter.ExcludeFilterContextCustomizer@3081cc01, org.springframework.boot.test.mock.mockito.MockitoContextCustomizer@0, org.springframework.boot.test.autoconfigure.properties.PropertyMappingContextCustomizer@0, org.springframework.boot.test.autoconfigure.web.servlet.WebDriverContextCustomizerFactory$Customizer@74225c80], resourceBasePath = 'src/main/webapp', contextLoader = 'org.springframework.boot.test.context.SpringBootContextLoader', parent = [null]]], class annotated with @DirtiesContext [false] with mode [null].
11:59:53.232 [Test worker] DEBUG org.springframework.test.annotation.ProfileValueUtils - Retrieved @ProfileValueSourceConfiguration [null] for test class [io.specto.FlightsApplicationTests]
11:59:53.232 [Test worker] DEBUG org.springframework.test.annotation.ProfileValueUtils - Retrieved ProfileValueSource type [class org.springframework.test.annotation.SystemProfileValueSource] for class [io.specto.FlightsApplicationTests]
11:59:53.268 [Test worker] DEBUG org.springframework.core.env.StandardEnvironment - Adding [systemProperties] PropertySource with lowest search precedence
11:59:53.268 [Test worker] DEBUG org.springframework.core.env.StandardEnvironment - Adding [systemEnvironment] PropertySource with lowest search precedence
11:59:53.268 [Test worker] DEBUG org.springframework.core.env.StandardEnvironment - Initialized StandardEnvironment with PropertySources [systemProperties,systemEnvironment]
11:59:53.269 [Test worker] DEBUG org.springframework.core.env.MutablePropertySources - Adding [inline] PropertySource with highest search precedence
11:59:53.273 [Test worker] DEBUG org.springframework.test.context.support.TestPropertySourceUtils - Adding inlined properties to environment: {spring.jmx.enabled=false, org.springframework.boot.test.context.SpringBootTestContextBootstrapper=true, server.port=-1}
11:59:53.273 [Test worker] DEBUG org.springframework.core.env.StandardEnvironment - Adding [Inlined Test Properties] PropertySource with highest search precedence

  .   ____          _            __ _ _
 /\\ / ___'_ __ _ _(_)_ __  __ _ \ \ \ \
( ( )\___ | '_ | '_| | '_ \/ _` | \ \ \ \
 \\/  ___)| |_)| | | | | || (_| |  ) ) ) )
  '  |____| .__|_| |_|_| |_\__, | / / / /
 =========|_|==============|___/=/_/_/_/
 :: Spring Boot ::        (v1.5.3.RELEASE)

2017-09-20 11:59:53.458  INFO 16828 --- [    Test worker] io.specto.FlightsApplicationTests        : Starting FlightsApplicationTests on Andrews-MacBook-Pro-2.local with PID 16828 (started by andrewmorgan1 in /Users/andrewmorgan1/IdeaProjects/api-simulation-training/flights-service)
2017-09-20 11:59:53.459  INFO 16828 --- [    Test worker] io.specto.FlightsApplicationTests        : No active profile set, falling back to default profiles: default
2017-09-20 11:59:53.481  INFO 16828 --- [    Test worker] o.s.w.c.s.GenericWebApplicationContext   : Refreshing org.springframework.web.context.support.GenericWebApplicationContext@68bfa2f0: startup date [Wed Sep 20 11:59:53 CEST 2017]; root of context hierarchy
2017-09-20 11:59:54.334  INFO 16828 --- [    Test worker] s.w.s.m.m.a.RequestMappingHandlerAdapter : Looking for @ControllerAdvice: org.springframework.web.context.support.GenericWebApplicationContext@68bfa2f0: startup date [Wed Sep 20 11:59:53 CEST 2017]; root of context hierarchy
2017-09-20 11:59:54.377  INFO 16828 --- [    Test worker] s.w.s.m.m.a.RequestMappingHandlerMapping : Mapped "{[/api/v1/flights],methods=[GET]}" onto public java.util.List<io.specto.Flight> io.specto.FlightsController.getFlights(int,java.util.Optional<java.lang.String>,java.util.Optional<java.lang.String>,java.util.Optional<java.lang.Integer>)
2017-09-20 11:59:54.379  INFO 16828 --- [    Test worker] s.w.s.m.m.a.RequestMappingHandlerMapping : Mapped "{[/management/health],methods=[GET]}" onto public void io.specto.ManagementController.health()
2017-09-20 11:59:54.379  INFO 16828 --- [    Test worker] s.w.s.m.m.a.RequestMappingHandlerMapping : Mapped "{[/management/kill],methods=[GET]}" onto public void io.specto.ManagementController.kill()
2017-09-20 11:59:54.380  INFO 16828 --- [    Test worker] s.w.s.m.m.a.RequestMappingHandlerMapping : Mapped "{[/api/v1/shopping-basket],methods=[PUT]}" onto public void io.specto.ShoppingController.addToBasket(io.specto.ShoppingItem)
2017-09-20 11:59:54.381  INFO 16828 --- [    Test worker] s.w.s.m.m.a.RequestMappingHandlerMapping : Mapped "{[/api/v1/shopping-basket],methods=[GET]}" onto public java.util.Set<io.specto.ShoppingItem> io.specto.ShoppingController.getShoppingBasket()
2017-09-20 11:59:54.382  INFO 16828 --- [    Test worker] s.w.s.m.m.a.RequestMappingHandlerMapping : Mapped "{[/error]}" onto public org.springframework.http.ResponseEntity<java.util.Map<java.lang.String, java.lang.Object>> org.springframework.boot.autoconfigure.web.BasicErrorController.error(javax.servlet.http.HttpServletRequest)
2017-09-20 11:59:54.383  INFO 16828 --- [    Test worker] s.w.s.m.m.a.RequestMappingHandlerMapping : Mapped "{[/error],produces=[text/html]}" onto public org.springframework.web.servlet.ModelAndView org.springframework.boot.autoconfigure.web.BasicErrorController.errorHtml(javax.servlet.http.HttpServletRequest,javax.servlet.http.HttpServletResponse)
2017-09-20 11:59:54.401  INFO 16828 --- [    Test worker] o.s.w.s.handler.SimpleUrlHandlerMapping  : Mapped URL path [/webjars/**] onto handler of type [class org.springframework.web.servlet.resource.ResourceHttpRequestHandler]
2017-09-20 11:59:54.401  INFO 16828 --- [    Test worker] o.s.w.s.handler.SimpleUrlHandlerMapping  : Mapped URL path [/**] onto handler of type [class org.springframework.web.servlet.resource.ResourceHttpRequestHandler]
2017-09-20 11:59:54.424  INFO 16828 --- [    Test worker] o.s.w.s.handler.SimpleUrlHandlerMapping  : Mapped URL path [/**/favicon.ico] onto handler of type [class org.springframework.web.servlet.resource.ResourceHttpRequestHandler]
2017-09-20 11:59:54.534  INFO 16828 --- [    Test worker] io.specto.FlightsApplicationTests        : Started FlightsApplicationTests in 1.253 seconds (JVM running for 1.856)
]]></system-out>
  <system-err><![CDATA[]]></system-err>
</testsuite>
